<?xml version="1.0" encoding="UTF-8"?>
<testsuite xmlns:xsi="http://www.w3.org/2001/XMLSchema-instance" xsi:schemaLocation="https://maven.apache.org/surefire/maven-surefire-plugin/xsd/surefire-test-report.xsd" name="TestSuite" time="1.783" tests="4" errors="0" skipped="0" failures="0">
  <properties>
[...]
</properties>
  <testcase name="runScenario" classname="TestRunner.CucumberTestRunnerForTags" time="0.116"/>
  <testcase name="runScenario" classname="TestRunner.CucumberTestRunnerForTags" time="0.007"/>
  <testcase name="runScenario" classname="TestRunner.CucumberTestRunnerForTags" time="0.005"/>
  <testcase name="runScenario" classname="TestRunner.CucumberTestRunnerForTags" time="0.004"/>
</testsuite>